22 Apr 2025 18:22:06,069 INFO com.sismics.util.jpa.EMF.getEntityManagerProperties(EMF.java:87) Configuring EntityManager from environment parameters 
22 Apr 2025 18:22:06,081 WARN com.sismics.util.jpa.EMF.getEntityManagerProperties(EMF.java:92) Using an embedded H2 database. Only suitable for testing purpose, not for production! 
22 Apr 2025 18:22:07,958 INFO com.sismics.util.jpa.DbOpenHelper.open(DbOpenHelper.java:57) Opening database and executing incremental updates 
22 Apr 2025 18:22:07,964 INFO com.sismics.util.jpa.DbOpenHelper.open(DbOpenHelper.java:83) Unable to get database version: Table T_CONFIG not found 
22 Apr 2025 18:22:07,964 INFO com.sismics.util.jpa.DbOpenHelper.open(DbOpenHelper.java:98) Executing initial schema creation script 
22 Apr 2025 18:22:07,974 INFO com.sismics.util.jpa.DbOpenHelper.executeAllScript(DbOpenHelper.java:142) Executing script: dbupdate-000-0.sql 
22 Apr 2025 18:22:08,072 INFO com.sismics.util.jpa.DbOpenHelper.open(DbOpenHelper.java:106) Found database version 0, new version is 31, executing database incremental update scripts 
22 Apr 2025 18:22:08,074 INFO com.sismics.util.jpa.DbOpenHelper.executeAllScript(DbOpenHelper.java:142) Executing script: dbupdate-001-0.sql 
22 Apr 2025 18:22:08,106 INFO com.sismics.util.jpa.DbOpenHelper.executeAllScript(DbOpenHelper.java:142) Executing script: dbupdate-002-0.sql 
22 Apr 2025 18:22:08,112 INFO com.sismics.util.jpa.DbOpenHelper.executeAllScript(DbOpenHelper.java:142) Executing script: dbupdate-003-0.sql 
22 Apr 2025 18:22:08,118 INFO com.sismics.util.jpa.DbOpenHelper.executeAllScript(DbOpenHelper.java:142) Executing script: dbupdate-004-0.sql 
22 Apr 2025 18:22:08,130 INFO com.sismics.util.jpa.DbOpenHelper.executeAllScript(DbOpenHelper.java:142) Executing script: dbupdate-005-0.sql 
22 Apr 2025 18:22:08,133 INFO com.sismics.util.jpa.DbOpenHelper.executeAllScript(DbOpenHelper.java:142) Executing script: dbupdate-006-0.sql 
22 Apr 2025 18:22:08,195 INFO com.sismics.util.jpa.DbOpenHelper.executeAllScript(DbOpenHelper.java:142) Executing script: dbupdate-007-0.sql 
22 Apr 2025 18:22:08,200 INFO com.sismics.util.jpa.DbOpenHelper.executeAllScript(DbOpenHelper.java:142) Executing script: dbupdate-008-0.sql 
22 Apr 2025 18:22:08,206 INFO com.sismics.util.jpa.DbOpenHelper.executeAllScript(DbOpenHelper.java:142) Executing script: dbupdate-009-0.sql 
22 Apr 2025 18:22:08,214 INFO com.sismics.util.jpa.DbOpenHelper.executeAllScript(DbOpenHelper.java:142) Executing script: dbupdate-010-0.sql 
22 Apr 2025 18:22:08,217 INFO com.sismics.util.jpa.DbOpenHelper.executeAllScript(DbOpenHelper.java:142) Executing script: dbupdate-011-0.sql 
22 Apr 2025 18:22:08,224 INFO com.sismics.util.jpa.DbOpenHelper.executeAllScript(DbOpenHelper.java:142) Executing script: dbupdate-012-0.sql 
22 Apr 2025 18:22:08,231 INFO com.sismics.util.jpa.DbOpenHelper.executeAllScript(DbOpenHelper.java:142) Executing script: dbupdate-013-0.sql 
22 Apr 2025 18:22:08,234 INFO com.sismics.util.jpa.DbOpenHelper.executeAllScript(DbOpenHelper.java:142) Executing script: dbupdate-014-0.sql 
22 Apr 2025 18:22:08,240 INFO com.sismics.util.jpa.DbOpenHelper.executeAllScript(DbOpenHelper.java:142) Executing script: dbupdate-015-0.sql 
22 Apr 2025 18:22:08,250 INFO com.sismics.util.jpa.DbOpenHelper.executeAllScript(DbOpenHelper.java:142) Executing script: dbupdate-016-0.sql 
22 Apr 2025 18:22:08,255 INFO com.sismics.util.jpa.DbOpenHelper.executeAllScript(DbOpenHelper.java:142) Executing script: dbupdate-017-0.sql 
22 Apr 2025 18:22:08,258 INFO com.sismics.util.jpa.DbOpenHelper.executeAllScript(DbOpenHelper.java:142) Executing script: dbupdate-018-0.sql 
22 Apr 2025 18:22:08,294 INFO com.sismics.util.jpa.DbOpenHelper.executeAllScript(DbOpenHelper.java:142) Executing script: dbupdate-019-0.sql 
22 Apr 2025 18:22:08,297 INFO com.sismics.util.jpa.DbOpenHelper.executeAllScript(DbOpenHelper.java:142) Executing script: dbupdate-020-0.sql 
22 Apr 2025 18:22:08,301 INFO com.sismics.util.jpa.DbOpenHelper.executeAllScript(DbOpenHelper.java:142) Executing script: dbupdate-021-0.sql 
22 Apr 2025 18:22:08,307 INFO com.sismics.util.jpa.DbOpenHelper.executeAllScript(DbOpenHelper.java:142) Executing script: dbupdate-022-0.sql 
22 Apr 2025 18:22:08,317 INFO com.sismics.util.jpa.DbOpenHelper.executeAllScript(DbOpenHelper.java:142) Executing script: dbupdate-023-0.sql 
22 Apr 2025 18:22:08,322 INFO com.sismics.util.jpa.DbOpenHelper.executeAllScript(DbOpenHelper.java:142) Executing script: dbupdate-024-0.sql 
22 Apr 2025 18:22:08,328 INFO com.sismics.util.jpa.DbOpenHelper.executeAllScript(DbOpenHelper.java:142) Executing script: dbupdate-025-0.sql 
22 Apr 2025 18:22:08,331 INFO com.sismics.util.jpa.DbOpenHelper.executeAllScript(DbOpenHelper.java:142) Executing script: dbupdate-026-0.sql 
22 Apr 2025 18:22:08,334 INFO com.sismics.util.jpa.DbOpenHelper.executeAllScript(DbOpenHelper.java:142) Executing script: dbupdate-027-0.sql 
22 Apr 2025 18:22:08,336 INFO com.sismics.util.jpa.DbOpenHelper.executeAllScript(DbOpenHelper.java:142) Executing script: dbupdate-028-0.sql 
22 Apr 2025 18:22:08,339 INFO com.sismics.util.jpa.DbOpenHelper.executeAllScript(DbOpenHelper.java:142) Executing script: dbupdate-029-0.sql 
22 Apr 2025 18:22:08,345 INFO com.sismics.util.jpa.DbOpenHelper.executeAllScript(DbOpenHelper.java:142) Executing script: dbupdate-030-0.sql 
22 Apr 2025 18:22:08,349 INFO com.sismics.util.jpa.DbOpenHelper.executeAllScript(DbOpenHelper.java:142) Executing script: dbupdate-031-0.sql 
22 Apr 2025 18:22:08,350 INFO com.sismics.util.jpa.DbOpenHelper.open(DbOpenHelper.java:108) Database upgrade complete 
22 Apr 2025 18:22:08,351 INFO com.sismics.util.jpa.EMF.getEntityManagerProperties(EMF.java:87) Configuring EntityManager from environment parameters 
22 Apr 2025 18:22:08,352 WARN com.sismics.util.jpa.EMF.getEntityManagerProperties(EMF.java:92) Using an embedded H2 database. Only suitable for testing purpose, not for production! 
22 Apr 2025 18:22:15,150 INFO com.sismics.util.ClasspathScanner.findClasses(ClasspathScanner.java:48) Found 1 classes for IndexingHandler 
22 Apr 2025 18:22:15,327 INFO com.sismics.docs.core.util.indexing.LuceneIndexingHandler.initLucene(LuceneIndexingHandler.java:132) Using file Lucene storage: ./data/prod/lucene 
22 Apr 2025 18:22:15,742 INFO com.sismics.docs.core.service.FileService.startUp(FileService.java:39) File service starting up 
22 Apr 2025 18:22:15,781 INFO com.sismics.docs.core.service.InboxService.startUp(InboxService.java:52) Inbox service starting up 
22 Apr 2025 18:22:15,789 INFO com.sismics.docs.core.service.FileSizeService.startUp(FileSizeService.java:30) File size service starting up 
22 Apr 2025 18:22:16,642 INFO com.sismics.docs.core.service.FileSizeService.lambda$runOneIteration$0(FileSizeService.java:50) No more file to process, stopping the service 
22 Apr 2025 18:22:16,647 INFO com.sismics.docs.core.service.FileSizeService.shutDown(FileSizeService.java:35) File size service shutting down 
22 Apr 2025 18:22:46,719 INFO com.sismics.docs.core.service.InboxService.shutDown(InboxService.java:57) Inbox service shutting down 
22 Apr 2025 18:22:46,719 INFO com.sismics.docs.core.service.FileService.shutDown(FileService.java:44) File service shutting down 
22 Apr 2025 18:40:07,854 INFO com.sismics.util.jpa.EMF.getEntityManagerProperties(EMF.java:87) Configuring EntityManager from environment parameters 
22 Apr 2025 18:40:07,867 WARN com.sismics.util.jpa.EMF.getEntityManagerProperties(EMF.java:92) Using an embedded H2 database. Only suitable for testing purpose, not for production! 
22 Apr 2025 18:40:09,854 INFO com.sismics.util.jpa.DbOpenHelper.open(DbOpenHelper.java:57) Opening database and executing incremental updates 
22 Apr 2025 18:40:09,869 INFO com.sismics.util.jpa.DbOpenHelper.open(DbOpenHelper.java:106) Found database version 31, new version is 31, executing database incremental update scripts 
22 Apr 2025 18:40:09,870 INFO com.sismics.util.jpa.DbOpenHelper.open(DbOpenHelper.java:108) Database upgrade complete 
22 Apr 2025 18:40:09,871 INFO com.sismics.util.jpa.EMF.getEntityManagerProperties(EMF.java:87) Configuring EntityManager from environment parameters 
22 Apr 2025 18:40:09,871 WARN com.sismics.util.jpa.EMF.getEntityManagerProperties(EMF.java:92) Using an embedded H2 database. Only suitable for testing purpose, not for production! 
22 Apr 2025 18:40:16,798 INFO com.sismics.util.ClasspathScanner.findClasses(ClasspathScanner.java:48) Found 1 classes for IndexingHandler 
22 Apr 2025 18:40:16,979 INFO com.sismics.docs.core.util.indexing.LuceneIndexingHandler.initLucene(LuceneIndexingHandler.java:132) Using file Lucene storage: ./data/prod/lucene 
22 Apr 2025 18:40:17,334 INFO com.sismics.docs.core.util.indexing.LuceneIndexingHandler.initLucene(LuceneIndexingHandler.java:144) Checking index health and version 
22 Apr 2025 18:40:17,409 INFO com.sismics.docs.core.service.FileService.startUp(FileService.java:39) File service starting up 
22 Apr 2025 18:40:17,431 INFO com.sismics.docs.core.service.InboxService.startUp(InboxService.java:52) Inbox service starting up 
22 Apr 2025 18:40:17,436 INFO com.sismics.docs.core.service.FileSizeService.startUp(FileSizeService.java:30) File size service starting up 
22 Apr 2025 18:40:18,330 INFO com.sismics.docs.core.service.FileSizeService.lambda$runOneIteration$0(FileSizeService.java:50) No more file to process, stopping the service 
22 Apr 2025 18:40:18,335 INFO com.sismics.docs.core.service.FileSizeService.shutDown(FileSizeService.java:35) File size service shutting down 
22 Apr 2025 18:41:14,612 INFO com.sismics.docs.core.service.InboxService.shutDown(InboxService.java:57) Inbox service shutting down 
22 Apr 2025 18:41:14,613 INFO com.sismics.docs.core.service.FileService.shutDown(FileService.java:44) File service shutting down 
23 Apr 2025 14:42:06,518 INFO com.sismics.util.jpa.EMF.getEntityManagerProperties(EMF.java:87) Configuring EntityManager from environment parameters 
23 Apr 2025 14:42:06,534 WARN com.sismics.util.jpa.EMF.getEntityManagerProperties(EMF.java:92) Using an embedded H2 database. Only suitable for testing purpose, not for production! 
23 Apr 2025 14:42:08,650 INFO com.sismics.util.jpa.DbOpenHelper.open(DbOpenHelper.java:57) Opening database and executing incremental updates 
23 Apr 2025 14:42:08,663 INFO com.sismics.util.jpa.DbOpenHelper.open(DbOpenHelper.java:106) Found database version 31, new version is 31, executing database incremental update scripts 
23 Apr 2025 14:42:08,664 INFO com.sismics.util.jpa.DbOpenHelper.open(DbOpenHelper.java:108) Database upgrade complete 
23 Apr 2025 14:42:08,665 INFO com.sismics.util.jpa.EMF.getEntityManagerProperties(EMF.java:87) Configuring EntityManager from environment parameters 
23 Apr 2025 14:42:08,666 WARN com.sismics.util.jpa.EMF.getEntityManagerProperties(EMF.java:92) Using an embedded H2 database. Only suitable for testing purpose, not for production! 
23 Apr 2025 14:42:16,911 INFO com.sismics.util.ClasspathScanner.findClasses(ClasspathScanner.java:48) Found 1 classes for IndexingHandler 
23 Apr 2025 14:42:17,110 INFO com.sismics.docs.core.util.indexing.LuceneIndexingHandler.initLucene(LuceneIndexingHandler.java:132) Using file Lucene storage: ./data/prod/lucene 
23 Apr 2025 14:42:17,589 INFO com.sismics.docs.core.util.indexing.LuceneIndexingHandler.initLucene(LuceneIndexingHandler.java:144) Checking index health and version 
23 Apr 2025 14:42:17,670 INFO com.sismics.docs.core.service.FileService.startUp(FileService.java:39) File service starting up 
23 Apr 2025 14:42:17,710 INFO com.sismics.docs.core.service.InboxService.startUp(InboxService.java:52) Inbox service starting up 
23 Apr 2025 14:42:17,717 INFO com.sismics.docs.core.service.FileSizeService.startUp(FileSizeService.java:30) File size service starting up 
23 Apr 2025 14:42:18,589 INFO com.sismics.docs.core.service.FileSizeService.lambda$runOneIteration$0(FileSizeService.java:50) No more file to process, stopping the service 
23 Apr 2025 14:42:18,594 INFO com.sismics.docs.core.service.FileSizeService.shutDown(FileSizeService.java:35) File size service shutting down 
23 Apr 2025 14:44:37,114 INFO com.sismics.docs.core.service.InboxService.shutDown(InboxService.java:57) Inbox service shutting down 
23 Apr 2025 14:44:37,116 INFO com.sismics.docs.core.service.FileService.shutDown(FileService.java:44) File service shutting down 
